
ROM used:   1170/8192 (14%)
            1170/8192 (14%) including unused fragments

            1.1 Average locations per line
            4.6 Average locations per statement

RAM used:   155/368 (42%) at main() level
            199/368 (54%) worst case

Stack used: 5 worst case (3 in main + 2 for interrupts)
Stack size: 8

Lines Stmts  %   Files
----- ----- ---  -----
  253   182  72  master.c
  642     0   0  ..\..\..\..\..\..\..\..\Program Files\PICC\Devices\16F877.h
  154    72  28  ..\..\..\..\..\..\..\..\Program Files\PICC\Drivers\crc.c
----- -----
 1049   254 Total

Page ROM  %  RAM    Vol Diff  Functions:
---- --- --- ---    --- ----  ----------
0     21   2    1             @delay_ms1
0     29   2    1             @GETCH_BIU_1
0    137  12   13   1104  9.3  generate_8bit_crc
0    118  10    4    739  6.7  iletisim
 Inline         9    424  6.0  send_packet
0    137  12    5    320  3.6  create_packet
0     61   5    5    354  5.7  sending_request
0    618  53    0   5375  5.0  MAIN
 Inline         0             @cinit1

Program metrics:
    Functions               6
    Statements              254
    Comments                231
    Volume (V)              10558
    Difficulty (D)          35.8
    Effort to implement (E) 377888
    Time to implement (T)   5 hours, 50 minutes
    Est Delivered Bugs (B)  2
    Cyclomatic Complexity   50
    Maintainability (MI)    60

 Segment     Used  Free
-----------  ----  ----
00000-00003     4  0  
00004-00030    45  0  
00031-007FF  1121  878  
00800-00FFF     0  2048  
01000-017FF     0  2048  
01800-01FFF     0  2048  



