
ROM used:   1014/8192 (12%)
            1014/8192 (12%) including unused fragments

            1.0 Average locations per line
            4.9 Average locations per statement

RAM used:   160/368 (43%) at main() level
            200/368 (54%) worst case

Stack used: 4 worst case (2 in main + 2 for interrupts)
Stack size: 8

Lines Stmts  %   Files
----- ----- ---  -----
  268   136  65  slave2.c
  642     0   0  ..\..\..\..\..\..\..\..\Program Files\PICC\Devices\16F877.h
  154    72  35  ..\..\..\..\..\..\..\..\Program Files\PICC\Drivers\crc.c
----- -----
 1064   208 Total

Page ROM  %  RAM    Vol Diff  Functions:
---- --- --- ---    --- ----  ----------
0     21   2    1             @delay_ms1
0     29   3    1             @GETCH_BIU_1
0    137  14   13   1104  9.3  generate_8bit_crc
0    130  13    4    850  6.8  iletisim
 Inline         9    424  6.0  send_packet
0    129  13    5    320  3.6  create_packet
0     38   4    1    250  4.5  tam_tur_sag
0     40   4    1    259  5.5  tam_tur_sol
0     38   4    1    250  4.5  yarim_tur_sag
0     40   4    1    259  5.5  yarim_tur_sol
0     40   4    1    206  4.5  toggle_sag
0     42   4    1    213  5.0  toggle_sol
0    228  22    0   1579  6.4  MAIN
0     41   4    2             @MUL88
0     12   1    0             @goto50018
 Inline         0             @cinit1

Program metrics:
    Functions               11
    Statements              208
    Comments                216
    Volume (V)              8787
    Difficulty (D)          61.8
    Effort to implement (E) 543221
    Time to implement (T)   8 hours, 23 minutes
    Est Delivered Bugs (B)  2
    Cyclomatic Complexity   34
    Maintainability (MI)    115

 Segment     Used  Free
-----------  ----  ----
00000-00003     4  0  
00004-00030    45  0  
00031-007FF   965  1034  
00800-00FFF     0  2048  
01000-017FF     0  2048  
01800-01FFF     0  2048  



